[debug] [2023-03-09T14:04:40.827Z] ----------------------------------------------------------------------
[debug] [2023-03-09T14:04:40.828Z] Command:       C:\Program Files\nodejs\node.exe C:\Program Files\nodejs\node_modules\firebase-tools\lib\bin\firebase.js init
[debug] [2023-03-09T14:04:40.829Z] CLI Version:   11.24.1
[debug] [2023-03-09T14:04:40.829Z] Platform:      win32
[debug] [2023-03-09T14:04:40.829Z] Node Version:  v16.15.0
[debug] [2023-03-09T14:04:40.831Z] Time:          Thu Mar 09 2023 16:04:40 GMT+0200 (Itä-Euroopan normaaliaika)
[debug] [2023-03-09T14:04:40.831Z] ----------------------------------------------------------------------
[debug] 
[debug] [2023-03-09T14:04:40.834Z] >>> [apiv2][query] GET https://firebase-public.firebaseio.com/cli.json [none]
[debug] [2023-03-09T14:04:40.850Z] > command requires scopes: ["email","openid","https://www.googleapis.com/auth/cloudplatformprojects.readonly","https://www.googleapis.com/auth/firebase","https://www.googleapis.com/auth/cloud-platform"]
[debug] [2023-03-09T14:04:40.850Z] > authorizing via signed-in user (risto.valimaki@gmail.com)
[info] 
     ######## #### ########  ######## ########     ###     ######  ########
     ##        ##  ##     ## ##       ##     ##  ##   ##  ##       ##
     ######    ##  ########  ######   ########  #########  ######  ######
     ##        ##  ##    ##  ##       ##     ## ##     ##       ## ##
     ##       #### ##     ## ######## ########  ##     ##  ######  ########

You're about to initialize a Firebase project in this directory:

  C:\src\test\karate-quiz

Before we get started, keep in mind:

  * You are currently outside your home directory

[debug] [2023-03-09T14:04:41.305Z] <<< [apiv2][status] GET https://firebase-public.firebaseio.com/cli.json 200
[debug] [2023-03-09T14:04:41.305Z] <<< [apiv2][body] GET https://firebase-public.firebaseio.com/cli.json {"cloudBuildErrorAfter":1594252800000,"cloudBuildWarnAfter":1590019200000,"defaultNode10After":1594252800000,"minVersion":"3.0.5","node8DeploysDisabledAfter":1613390400000,"node8RuntimeDisabledAfter":1615809600000,"node8WarnAfter":1600128000000}
[info] 
=== Project Setup
[info] 
[info] First, let's associate this project directory with a Firebase project.
[info] You can create multiple project aliases by running firebase use --add, 
[info] but for now we'll just set up a default project.
[info] 
[debug] [2023-03-09T14:05:26.076Z] > refreshing access token with scopes: []
[debug] [2023-03-09T14:05:26.077Z] >>> [apiv2][query] POST https://www.googleapis.com/oauth2/v3/token [none]
[debug] [2023-03-09T14:05:26.077Z] >>> [apiv2][body] POST https://www.googleapis.com/oauth2/v3/token [omitted]
[debug] [2023-03-09T14:05:26.317Z] <<< [apiv2][status] POST https://www.googleapis.com/oauth2/v3/token 200
[debug] [2023-03-09T14:05:26.317Z] <<< [apiv2][body] POST https://www.googleapis.com/oauth2/v3/token [omitted]
[debug] [2023-03-09T14:05:26.340Z] >>> [apiv2][query] GET https://firebase.googleapis.com/v1beta1/projects pageSize=100
[debug] [2023-03-09T14:05:27.044Z] <<< [apiv2][status] GET https://firebase.googleapis.com/v1beta1/projects 200
[debug] [2023-03-09T14:05:27.044Z] <<< [apiv2][body] GET https://firebase.googleapis.com/v1beta1/projects [omitted]
[info] i  Using project karate-kysely (karate-kysely) 
[info] 
=== Hosting Setup
[info] 
[info] Your public directory is the folder (relative to your project directory) that
[info] will contain Hosting assets to be uploaded with firebase deploy. If you
[info] have a build process for your assets, use your build's output directory.
[info] 
[debug] [2023-03-09T14:06:36.939Z] >>> [apiv2][query] GET https://www.gstatic.com/firebasejs/releases.json [none]
[debug] [2023-03-09T14:06:37.160Z] <<< [apiv2][status] GET https://www.gstatic.com/firebasejs/releases.json 200
[debug] [2023-03-09T14:06:37.160Z] <<< [apiv2][body] GET https://www.gstatic.com/firebasejs/releases.json {"current":{"version":"9.17.2","browserURL":"https://www.gstatic.com/firebasejs/9.17.2/firebase.js","packageURL":"https://www.gstatic.com/firebasejs/9.17.2/firebase.tgz"},"live":{"version":"9.17","browserURL":"https://www.gstatic.com/firebasejs/live/9.17/firebase.js","packageURL":"https://www.gstatic.com/firebasejs/live/9.17/firebase.tgz"},"components":{"analytics":"https://www.gstatic.com/firebasejs/9.17.2/firebase-analytics.js","app":"https://www.gstatic.com/firebasejs/9.17.2/firebase-app.js","app-check":"https://www.gstatic.com/firebasejs/9.17.2/firebase-app-check.js","auth":"https://www.gstatic.com/firebasejs/9.17.2/firebase-auth.js","auth/cordova":"https://www.gstatic.com/firebasejs/9.17.2/firebase-auth/cordova.js","auth/react-native":"https://www.gstatic.com/firebasejs/9.17.2/firebase-auth/react-native.js","functions":"https://www.gstatic.com/firebasejs/9.17.2/firebase-functions.js","firestore":"https://www.gstatic.com/firebasejs/9.17.2/firebase-firestore.js","firestore/lite":"https://www.gstatic.com/firebasejs/9.17.2/firebase-firestore/lite.js","installations":"https://www.gstatic.com/firebasejs/9.17.2/firebase-installations.js","storage":"https://www.gstatic.com/firebasejs/9.17.2/firebase-storage.js","performance":"https://www.gstatic.com/firebasejs/9.17.2/firebase-performance.js","remote-config":"https://www.gstatic.com/firebasejs/9.17.2/firebase-remote-config.js","messaging":"https://www.gstatic.com/firebasejs/9.17.2/firebase-messaging.js","messaging/sw":"https://www.gstatic.com/firebasejs/9.17.2/firebase-messaging/sw.js","database":"https://www.gstatic.com/firebasejs/9.17.2/firebase-database.js","firestore.memory":"https://www.gstatic.com/firebasejs/9.17.2/firebase-firestore.memory.js"}}
[info] +  Wrote dist/karate-quiz/index.html 
[info] 
[info] i  Detected a .git folder at C:\src\test\karate-quiz 
[info] i  Authorizing with GitHub to upload your service account to a GitHub repository's secrets store. 
[info] 
[info] Visit this URL on this device to log in:
[info] https://github.com/login/oauth/authorize?client_id=89cf50f02ac6aaed3484&state=51479318&redirect_uri=http%3A%2F%2Flocalhost%3A9005&scope=read%3Auser%20repo%20public_repo
[info] 
[info] Waiting for authentication...
[debug] [2023-03-09T14:06:57.707Z] >>> [apiv2][query] POST https://github.com/login/oauth/access_token [none]
[debug] [2023-03-09T14:06:57.707Z] >>> [apiv2][body] POST https://github.com/login/oauth/access_token [stream]
[debug] [2023-03-09T14:06:58.186Z] <<< [apiv2][status] POST https://github.com/login/oauth/access_token 200
[debug] [2023-03-09T14:06:58.187Z] <<< [apiv2][body] POST https://github.com/login/oauth/access_token {"access_token":"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","token_type":"bearer","scope":"read:user,repo"}
[debug] [2023-03-09T14:06:58.194Z] >>> [apiv2][query] GET https://api.github.com/user [none]
[debug] [2023-03-09T14:06:58.682Z] <<< [apiv2][status] GET https://api.github.com/user 200
[debug] [2023-03-09T14:06:58.682Z] <<< [apiv2][body] GET https://api.github.com/user {"login":"rvalimaki","id":178972,"node_id":"MDQ6VXNlcjE3ODk3Mg==","avatar_url":"https://avatars.githubusercontent.com/u/178972?v=4","gravatar_id":"","url":"https://api.github.com/users/rvalimaki","html_url":"https://github.com/rvalimaki","followers_url":"https://api.github.com/users/rvalimaki/followers","following_url":"https://api.github.com/users/rvalimaki/following{/other_user}","gists_url":"https://api.github.com/users/rvalimaki/gists{/gist_id}","starred_url":"https://api.github.com/users/rvalimaki/starred{/owner}{/repo}","subscriptions_url":"https://api.github.com/users/rvalimaki/subscriptions","organizations_url":"https://api.github.com/users/rvalimaki/orgs","repos_url":"https://api.github.com/users/rvalimaki/repos","events_url":"https://api.github.com/users/rvalimaki/events{/privacy}","received_events_url":"https://api.github.com/users/rvalimaki/received_events","type":"User","site_admin":false,"name":null,"company":null,"blog":"","location":null,"email":null,"hireable":null,"bio":null,"twitter_username":null,"public_repos":5,"public_gists":0,"followers":1,"following":0,"created_at":"2010-01-09T09:03:02Z","updated_at":"2023-03-09T14:06:50Z","private_gists":0,"total_private_repos":0,"owned_private_repos":0,"disk_usage":11096,"collaborators":0,"two_factor_authentication":false,"plan":{"name":"free","space":976562499,"collaborators":0,"private_repos":10000}}
[info] 
[info] +  Success! Logged into GitHub as rvalimaki 
[info] 
